['astar_biglakes', 'astar_rivers', 'bwaves', 'bzip2_chicken', 'bzip2_chicken', 'bzip2_combined', 'bzip2_combined', 'bzip2_html', 'bzip2_html', 'bzip2_liberty', 'bzip2_program', 'bzip2_program', 'bzip2_program', 'bzip2_source', 'cactusADM', 'calculix', 'calculix', 'calculix', 'dealII', 'dealII', 'dealII', 'gamess_cytosine', 'gamess_cytosine', 'gamess_cytosine', 'gamess_cytosine', 'gamess_gradient', 'gamess_gradient', 'gamess_gradient', 'gamess_triazolium', 'gamess_triazolium', 'gamess_triazolium', 'gamess_triazolium', 'gcc_166', 'gcc_166', 'gcc_200', 'gcc_200', 'gcc_cpdecl', 'gcc_cpdecl', 'gcc_expr2', 'gcc_expr2', 'gcc_expr', 'gcc_expr', 'gcc_expr', 'gcc_g23', 'gcc_g23', 'gcc_s04', 'gcc_s04', 'gcc_scilab', 'gcc_scilab', 'gcc_typeck', 'gcc_typeck', 'GemsFDTD', 'GemsFDTD', 'gobmk_13x13', 'gobmk_13x13', 'gobmk_13x13', 'gobmk_nngs', 'gobmk_nngs', 'gobmk_nngs', 'gobmk_score2', 'gobmk_score2', 'gobmk_score2', 'gobmk_trevorc', 'gobmk_trevorc', 'gobmk_trevorc', 'gobmk_trevorc', 'gobmk_trevord', 'gobmk_trevord', 'gobmk_trevord', 'gromacs', 'gromacs', 'gromacs', 'gromacs', 'h264ref_foreman.baseline', 'h264ref_foreman.baseline', 'h264ref_foreman.baseline', 'h264ref_foreman.main', 'h264ref_foreman.main', 'h264ref_foreman.main', 'h264ref_foreman.main', 'h264ref_sss', 'h264ref_sss', 'h264ref_sss', 'h264ref_sss', 'hmmer_nph3', 'hmmer_nph3', 'hmmer_retro', 'hmmer_retro', 'hmmer_retro', 'hmmer_retro', 'lbm', 'leslie3d', 'leslie3d', 'libquantum', 'libquantum', 'mcf', 'mcf', 'mcf', 'milc', 'milc', 'milc', 'namd', 'namd', 'namd', 'namd', 'namd', 'namd', 'omnetpp', 'perlbench_checkspam', 'perlbench_checkspam', 'perlbench_checkspam', 'perlbench_diffmail', 'perlbench_splitmail', 'povray', 'povray', 'povray', 'povray', 'sjeng', 'sjeng', 'sjeng', 'soplex_pds-50', 'soplex_pds-50', 'soplex_pds-50', 'soplex_pds-50', 'soplex_ref', 'sphinx3', 'sphinx3', 'sphinx3', 'sphinx3', 'tonto', 'tonto', 'tonto', 'tonto', 'wrf', 'wrf', 'wrf', 'wrf', 'xalancbmk', 'xalancbmk', 'xalancbmk', 'xalancbmk', 'xalancbmk', 'xalancbmk', 'zeusmp', 'zeusmp', 'zeusmp', 'zeusmp', 'zeusmp']
=================== Coverage ==================
           astar_biglakes coverage: 0.39
             astar_rivers coverage: 0.36
                   bwaves coverage: 0.71
            bzip2_chicken coverage: 0.45
           bzip2_combined coverage: 0.34
               bzip2_html coverage: 0.46
            bzip2_liberty coverage: 0.33
            bzip2_program coverage: 0.37
             bzip2_source coverage: 0.31
                cactusADM coverage: 0.67
                 calculix coverage: 0.39
                   dealII coverage: 0.33
          gamess_cytosine coverage: 0.31
          gamess_gradient coverage: 0.30
        gamess_triazolium coverage: 0.37
                  gcc_166 coverage: 0.31
                  gcc_200 coverage: 0.31
               gcc_cpdecl coverage: 0.33
                gcc_expr2 coverage: 0.32
                 gcc_expr coverage: 0.43
                  gcc_g23 coverage: 0.31
                  gcc_s04 coverage: 0.32
               gcc_scilab coverage: 0.30
               gcc_typeck coverage: 0.38
                 GemsFDTD coverage: 0.47
              gobmk_13x13 coverage: 0.34
               gobmk_nngs coverage: 0.36
             gobmk_score2 coverage: 0.32
            gobmk_trevorc coverage: 0.34
            gobmk_trevord coverage: 0.34
                  gromacs coverage: 0.33
 h264ref_foreman.baseline coverage: 0.31
     h264ref_foreman.main coverage: 0.31
              h264ref_sss coverage: 0.31
               hmmer_nph3 coverage: 0.47
              hmmer_retro coverage: 0.39
                      lbm coverage: 0.40
                 leslie3d coverage: 0.36
               libquantum coverage: 0.36
                      mcf coverage: 0.40
                     milc coverage: 0.33
                     namd coverage: 0.33
                  omnetpp coverage: 0.36
      perlbench_checkspam coverage: 0.37
       perlbench_diffmail coverage: 0.59
      perlbench_splitmail coverage: 0.48
                   povray coverage: 0.31
                    sjeng coverage: 0.39
            soplex_pds-50 coverage: 0.30
               soplex_ref coverage: 0.33
                  sphinx3 coverage: 0.33
                    tonto coverage: 0.35
                      wrf coverage: 0.34
                xalancbmk coverage: 0.32
                   zeusmp coverage: 0.35

==================== Score ===================
          astar: 53.638, 17.879
         bwaves: 52.612, 17.537
          bzip2: 25.434,  8.478
      cactusADM: 44.535, 14.845
       calculix: 16.498,  5.499
         dealII: 55.360, 18.453
         gamess: 44.284, 14.761
            gcc: 50.056, 16.685
       GemsFDTD: 28.193,  9.398
          gobmk: 30.728, 10.243
        gromacs: 29.313,  9.771
        h264ref: 56.943, 18.981
          hmmer: 38.987, 12.996
            lbm: 79.960, 26.653
       leslie3d: 42.636, 14.212
     libquantum: 129.359, 43.120
            mcf: 53.443, 17.814
           milc: 28.976,  9.659
           namd: 37.485, 12.495
        omnetpp: 35.476, 11.825
      perlbench: 35.908, 11.969
         povray: 51.625, 17.208
          sjeng: 31.400, 10.467
         soplex: 49.290, 16.430
        sphinx3: 54.777, 18.259
          tonto: 30.347, 10.116
            wrf: 29.891,  9.964
      xalancbmk: 67.155, 22.385
         zeusmp: 46.093, 15.364
SPEC2006@3GHz: 42.304
SPEC2006/GHz:  14.101

********* SPECINT 2006 *********
  400.perlbench: 35.908, 11.969
      401.bzip2: 25.434,  8.478
        403.gcc: 50.056, 16.685
        429.mcf: 53.443, 17.814
      445.gobmk: 30.728, 10.243
      456.hmmer: 38.987, 12.996
      458.sjeng: 31.400, 10.467
 462.libquantum: 129.359, 43.120
    464.h264ref: 56.943, 18.981
    471.omnetpp: 35.476, 11.825
      473.astar: 53.638, 17.879
  483.xalancbmk: 67.155, 22.385
SPECint2006@3GHz: 45.859
SPECint2006/GHz:  15.286

********* SPECFP  2006 *********
     410.bwaves: 52.612, 17.537
     416.gamess: 44.284, 14.761
       433.milc: 28.976,  9.659
     434.zeusmp: 46.093, 15.364
    435.gromacs: 29.313,  9.771
  436.cactusADM: 44.535, 14.845
   437.leslie3d: 42.636, 14.212
       444.namd: 37.485, 12.495
     447.dealII: 55.360, 18.453
     450.soplex: 49.290, 16.430
     453.povray: 51.625, 17.208
   454.Calculix: 16.498,  5.499
   459.GemsFDTD: 28.193,  9.398
      465.tonto: 30.347, 10.116
        470.lbm: 79.960, 26.653
        481.wrf: 29.891,  9.964
    482.sphinx3: 54.777, 18.259
SPECfp2006@3GHz: 39.961
SPECfp2006/GHz: 13.320

Number of Checkpoints: 148
